Change Physical Footprint: Designator=C1 Old Footprint=RAD-0.1 New Footprint=RAD-0.1
Change Physical Footprint: Designator=C2 Old Footprint=RAD-0.1 New Footprint=RAD-0.1
Change Physical Footprint: Designator=C3 Old Footprint=RAD-0.1 New Footprint=RAD-0.1
Change Physical Footprint: Designator=C4 Old Footprint=CAPR5-4X5 New Footprint=CAPR5-4X5
Change Physical Footprint: Designator=C5 Old Footprint=CAPR5-4X5 New Footprint=CAPR5-4X5
Change Physical Footprint: Designator=C6 Old Footprint=CAPR5-4X5 New Footprint=CAPR5-4X5
Change Physical Footprint: Designator=C7 Old Footprint=CAPR5-4X5 New Footprint=CAPR5-4X5
Change Physical Footprint: Designator=C8 Old Footprint=RAD-0.1 New Footprint=RAD-0.1
Change Physical Footprint: Designator=C9 Old Footprint=CAPR5-4X5 New Footprint=CAPR5-4X5
Change Physical Footprint: Designator=C10 Old Footprint=RAD-0.1 New Footprint=RAD-0.1
Change Physical Footprint: Designator=C11 Old Footprint=CAPR5-4X5 New Footprint=CAPR5-4X5
Change Physical Footprint: Designator=C12 Old Footprint=RAD-0.1 New Footprint=RAD-0.1
Change Physical Footprint: Designator=J1 Old Footprint=95001-2661 New Footprint=95001-2661
Change Physical Footprint: Designator=J2 Old Footprint=KLD-0202 New Footprint=KLD-0202
Change Physical Footprint: Designator=J3 Old Footprint=JIS C 6560 New Footprint=JIS C 6560
Change Physical Footprint: Designator=J4 Old Footprint=JIS C 6560 New Footprint=JIS C 6560
Change Physical Footprint: Designator=J5 Old Footprint=RC-5231 New Footprint=RC-5231
Change Physical Footprint: Designator=P1 Old Footprint=HDR2X5 New Footprint=HDR2X5
Change Physical Footprint: Designator=P2 Old Footprint=HDR1X4 New Footprint=HDR1X4
Change Physical Footprint: Designator=P3 Old Footprint=HDR1X4 New Footprint=HDR1X4
Change Physical Footprint: Designator=R1 Old Footprint=AXIAL-0.4 New Footprint=AXIAL-0.4
Change Physical Footprint: Designator=R2 Old Footprint=AXIAL-0.4 New Footprint=AXIAL-0.4
Change Physical Footprint: Designator=R3 Old Footprint=AXIAL-0.4 New Footprint=AXIAL-0.4
Change Physical Footprint: Designator=R4 Old Footprint=AXIAL-0.4 New Footprint=AXIAL-0.4
Change Physical Footprint: Designator=R5 Old Footprint=AXIAL-0.4 New Footprint=AXIAL-0.4
Change Physical Footprint: Designator=R6 Old Footprint=AXIAL-0.4 New Footprint=AXIAL-0.4
Change Physical Footprint: Designator=R7 Old Footprint=AXIAL-0.4 New Footprint=AXIAL-0.4
Change Physical Footprint: Designator=R8 Old Footprint=AXIAL-0.4 New Footprint=AXIAL-0.4
Change Physical Footprint: Designator=R9 Old Footprint=AXIAL-0.4 New Footprint=AXIAL-0.4
Change Physical Footprint: Designator=R10 Old Footprint=AXIAL-0.4 New Footprint=AXIAL-0.4
Change Physical Footprint: Designator=R11 Old Footprint=AXIAL-0.4 New Footprint=AXIAL-0.4
Change Physical Footprint: Designator=R12 Old Footprint=AXIAL-0.4 New Footprint=AXIAL-0.4
Change Physical Footprint: Designator=R13 Old Footprint=AXIAL-0.4 New Footprint=AXIAL-0.4
Change Physical Footprint: Designator=R14 Old Footprint=VR4 New Footprint=VR4
Change Physical Footprint: Designator=R15 Old Footprint=AXIAL-0.4 New Footprint=AXIAL-0.4
Change Physical Footprint: Designator=R16 Old Footprint=AXIAL-0.4 New Footprint=AXIAL-0.4
Change Physical Footprint: Designator=S1 Old Footprint=PUSHBTN_12x12mm New Footprint=PUSHBTN_12x12mm
Change Physical Footprint: Designator=S2 Old Footprint=PUSHBTN_6x6mm New Footprint=PUSHBTN_6x6mm
Change Physical Footprint: Designator=TP1 Old Footprint=PIN1 New Footprint=PIN1
Change Physical Footprint: Designator=TP2 Old Footprint=PIN1 New Footprint=PIN1
Change Physical Footprint: Designator=TP3 Old Footprint=PIN1 New Footprint=PIN1
Change Physical Footprint: Designator=TP4 Old Footprint=PIN1 New Footprint=PIN1
Change Physical Footprint: Designator=TP5 Old Footprint=PIN1 New Footprint=PIN1
Change Physical Footprint: Designator=TP6 Old Footprint=PIN1 New Footprint=PIN1
Change Physical Footprint: Designator=TP7 Old Footprint=PIN1 New Footprint=PIN1
Change Physical Footprint: Designator=TP8 Old Footprint=PIN1 New Footprint=PIN1
Change Physical Footprint: Designator=TP9 Old Footprint=PIN1 New Footprint=PIN1
Change Physical Footprint: Designator=TP10 Old Footprint=PIN1 New Footprint=PIN1
Change Physical Footprint: Designator=TP11 Old Footprint=PIN1 New Footprint=PIN1
Change Physical Footprint: Designator=TP12 Old Footprint=PIN1 New Footprint=PIN1
Change Physical Footprint: Designator=TP13 Old Footprint=PIN1 New Footprint=PIN1
Change Physical Footprint: Designator=TP14 Old Footprint=PIN1 New Footprint=PIN1
Change Physical Footprint: Designator=TP15 Old Footprint=PIN1 New Footprint=PIN1
Change Physical Footprint: Designator=TP16 Old Footprint=PIN1 New Footprint=PIN1
Change Physical Footprint: Designator=TP17 Old Footprint=PIN1 New Footprint=PIN1
Change Physical Footprint: Designator=TP18 Old Footprint=PIN1 New Footprint=PIN1
Change Physical Footprint: Designator=U1 Old Footprint=PDIP600-P40 New Footprint=PDIP600-P40
Change Physical Footprint: Designator=U2 Old Footprint=221A-04 New Footprint=221A-04
Change Physical Footprint: Designator=U3 Old Footprint=N16E New Footprint=N16E
Change Physical Footprint: Designator=U4 Old Footprint=N-8 New Footprint=N-8
